这里是卖服装的，有什么事么
我说了这里是卖服装的吧，你要上衣还是裤子
不要等我不耐烦了啊，没什么事就请离开吧！
态度？抱歉，我生来就这样，别人说我不适合做生意，可你不是还来了吗？
这里是卖服装的，有什么事么
我说了这里是卖服装的吧，你要上衣还是裤子
行吧，春款还是冬款的？
就剩XXL的了，不合适也没有了
怎么了，不要了吗，换冬款的话请说”冬款“
长裤还是短裤？
求求说点我能听懂的吧,你也可以选择上衣啊
没了抱歉，我忘记了
只有L、XL、XXL了，要哪个
或者还是上衣靠谱点？
行吧，春款还是冬款的？
S、M、L、XL、XXL，再没了，你要哪个
买了吗，需要哪个号码直接说吧
买了就请快离开吧。
行，上衣冬款L号，记得把钱付了再离开。再见。
这里是卖服装的，有什么事么
我说了这里是卖服装的吧，你要上衣还是裤子
不要等我不耐烦了啊，没什么事就请离开吧！
居然叫我名字……是您来了？
暂时没有别的衣服哦，只有上衣和裤子~
请问您要春款还是冬款的？
生意太好啦，卖得就剩XXL号了
有长裤和短裤，都可以选~
我记错了，不好意思，长裤全部卖掉了
诶呀我听不懂呢,你也可以选择上衣啊
请问您要春款还是冬款的？
S、M、L、XL、XXL，都有哦，随便选吧
不着急，可以慢慢挑哦，直接告诉我号码就行啦
行，上衣冬款XXL号，付什么钱呀，拿走就好啦。再见啦。
好嘞，这就切换回普通模式
这里是卖服装的，有什么事么
我说了这里是卖服装的吧，你要上衣还是裤子
不要等我不耐烦了啊，没什么事就请离开吧！
态度？抱歉，我生来就这样，别人说我不适合做生意，可你不是还来了吗？