g:\college\大三\程序设计实践\homework\dsl\x64\debug\moc_dsl.obj
g:\college\大三\程序设计实践\homework\dsl\x64\debug\qrc_dsl.obj
g:\college\大三\程序设计实践\homework\dsl\x64\debug\moc_request.obj
g:\college\大三\程序设计实践\homework\dsl\x64\debug\dsl.obj
g:\college\大三\程序设计实践\homework\dsl\x64\debug\main.obj
g:\college\大三\程序设计实践\homework\dsl\x64\debug\eachcondition.obj
g:\college\大三\程序设计实践\homework\dsl\x64\debug\interpreter.obj
g:\college\大三\程序设计实践\homework\dsl\x64\debug\request.obj
g:\college\大三\程序设计实践\homework\dsl\x64\debug\vc142.pdb
g:\college\大三\程序设计实践\homework\dsl\x64\debug\uic\ui_dsl.h
g:\college\大三\程序设计实践\homework\dsl\x64\debug\uic\ui_request.h
g:\college\大三\程序设计实践\homework\dsl\x64\debug\rcc\qrc_dsl.cpp
g:\college\大三\程序设计实践\homework\dsl\x64\debug\moc\moc_dsl.cpp
g:\college\大三\程序设计实践\homework\dsl\x64\debug\moc\moc_request.cpp
g:\college\大三\程序设计实践\homework\dsl\x64\debug\dsl.ilk
g:\college\大三\程序设计实践\homework\dsl\x64\debug\dsl.exe
g:\college\大三\程序设计实践\homework\dsl\x64\debug\dsl.pdb
g:\college\大三\程序设计实践\homework\dsl\x64\debug\dsl.tlog\cl.12376.write.1.tlog
g:\college\大三\程序设计实践\homework\dsl\x64\debug\dsl.tlog\cl.command.1.tlog
g:\college\大三\程序设计实践\homework\dsl\x64\debug\dsl.tlog\cl.read.1.tlog
g:\college\大三\程序设计实践\homework\dsl\x64\debug\dsl.tlog\dsl.write.1u.tlog
g:\college\大三\程序设计实践\homework\dsl\x64\debug\dsl.tlog\link.command.1.tlog
g:\college\大三\程序设计实践\homework\dsl\x64\debug\dsl.tlog\link.read.1.tlog
g:\college\大三\程序设计实践\homework\dsl\x64\debug\dsl.tlog\link.write.1.tlog
g:\college\大三\程序设计实践\homework\dsl\x64\debug\dsl.tlog\moc.read.1u.tlog
g:\college\大三\程序设计实践\homework\dsl\x64\debug\dsl.tlog\moc.write.1u.tlog
g:\college\大三\程序设计实践\homework\dsl\x64\debug\dsl.tlog\rcc.read.1u.tlog
g:\college\大三\程序设计实践\homework\dsl\x64\debug\dsl.tlog\rcc.write.1u.tlog
g:\college\大三\程序设计实践\homework\dsl\x64\debug\dsl.tlog\uic.read.1u.tlog
g:\college\大三\程序设计实践\homework\dsl\x64\debug\dsl.tlog\uic.write.1u.tlog
